<?xml version="1.0" encoding="utf-8"?><testsuites name="pytest tests"><testsuite name="pytest" errors="0" failures="0" skipped="0" tests="9" time="3.164" timestamp="2026-05-18T09:25:10.657947+00:00" hostname="agent-env-ca5cb11c-f8b9-43c7-896d-47c191b0df12"><testcase classname="tests.test_moderation_block_report.TestBlockEndpoints" name="test_self_block_rejected" time="1.096" /><testcase classname="tests.test_moderation_block_report.TestBlockEndpoints" name="test_invalid_user_id" time="0.048" /><testcase classname="tests.test_moderation_block_report.TestBlockEndpoints" name="test_nonexistent_user" time="0.049" /><testcase classname="tests.test_moderation_block_report.TestBlockEndpoints" name="test_block_then_idempotent_then_unblock" time="0.356" /><testcase classname="tests.test_moderation_block_report.TestReportEndpoints" name="test_invalid_target_type" time="0.046" /><testcase classname="tests.test_moderation_block_report.TestReportEndpoints" name="test_invalid_reason" time="0.044" /><testcase classname="tests.test_moderation_block_report.TestReportEndpoints" name="test_missing_target_id" time="0.050" /><testcase classname="tests.test_moderation_block_report.TestReportEndpoints" name="test_create_and_dedupe_then_admin_lifecycle" time="0.687" /><testcase classname="tests.test_moderation_block_report.TestBlockFilters" name="test_posts_filter_and_messaging_and_network" time="0.717" /></testsuite></testsuites>