<?xml version="1.0" encoding="utf-8"?><testsuites name="pytest tests"><testsuite name="pytest" errors="0" failures="1" skipped="0" tests="38" time="6.264" timestamp="2026-04-02T22:17:47.457304+00:00" hostname="agent-env-151eea4b-7488-40f2-8c4c-fdbae035a0df"><testcase classname="backend.tests.test_pwa.TestPWAManifest" name="test_manifest_accessible" time="0.290" /><testcase classname="backend.tests.test_pwa.TestPWAManifest" name="test_manifest_content_type" time="0.105" /><testcase classname="backend.tests.test_pwa.TestPWAManifest" name="test_manifest_required_fields" time="0.128" /><testcase classname="backend.tests.test_pwa.TestPWAManifest" name="test_manifest_app_metadata" time="0.129" /><testcase classname="backend.tests.test_pwa.TestPWAManifest" name="test_manifest_theme_colors" time="0.142" /><testcase classname="backend.tests.test_pwa.TestPWAServiceWorker" name="test_service_worker_accessible" time="0.123" /><testcase classname="backend.tests.test_pwa.TestPWAServiceWorker" name="test_service_worker_content_type" time="0.117" /><testcase classname="backend.tests.test_pwa.TestPWAServiceWorker" name="test_service_worker_has_cache_name" time="0.108" /><testcase classname="backend.tests.test_pwa.TestPWAServiceWorker" name="test_service_worker_has_install_handler" time="0.328" /><testcase classname="backend.tests.test_pwa.TestPWAServiceWorker" name="test_service_worker_has_fetch_handler" time="0.098" /><testcase classname="backend.tests.test_pwa.TestPWAServiceWorker" name="test_service_worker_has_offline_fallback" time="0.165" /><testcase classname="backend.tests.test_pwa.TestPWAOfflinePage" name="test_offline_page_accessible" time="0.105" /><testcase classname="backend.tests.test_pwa.TestPWAOfflinePage" name="test_offline_page_content_type" time="0.104" /><testcase classname="backend.tests.test_pwa.TestPWAOfflinePage" name="test_offline_page_has_title" time="0.100" /><testcase classname="backend.tests.test_pwa.TestPWAOfflinePage" name="test_offline_page_has_retry_button" time="0.119" /><testcase classname="backend.tests.test_pwa.TestPWAOfflinePage" name="test_offline_page_has_branding" time="0.123" /><testcase classname="backend.tests.test_pwa.TestPWAIcons" name="test_icon_accessible[72]" time="0.114" /><testcase classname="backend.tests.test_pwa.TestPWAIcons" name="test_icon_accessible[96]" time="0.110" /><testcase classname="backend.tests.test_pwa.TestPWAIcons" name="test_icon_accessible[128]" time="0.109" /><testcase classname="backend.tests.test_pwa.TestPWAIcons" name="test_icon_accessible[144]" time="0.114" /><testcase classname="backend.tests.test_pwa.TestPWAIcons" name="test_icon_accessible[152]" time="0.110" /><testcase classname="backend.tests.test_pwa.TestPWAIcons" name="test_icon_accessible[192]" time="0.107" /><testcase classname="backend.tests.test_pwa.TestPWAIcons" name="test_icon_accessible[384]" time="0.106" /><testcase classname="backend.tests.test_pwa.TestPWAIcons" name="test_icon_accessible[512]" time="0.105" /><testcase classname="backend.tests.test_pwa.TestPWAIcons" name="test_icon_content_type[72]" time="0.103" /><testcase classname="backend.tests.test_pwa.TestPWAIcons" name="test_icon_content_type[96]" time="0.119" /><testcase classname="backend.tests.test_pwa.TestPWAIcons" name="test_icon_content_type[128]" time="0.110" /><testcase classname="backend.tests.test_pwa.TestPWAIcons" name="test_icon_content_type[144]" time="0.108" /><testcase classname="backend.tests.test_pwa.TestPWAIcons" name="test_icon_content_type[152]" time="0.101" /><testcase classname="backend.tests.test_pwa.TestPWAIcons" name="test_icon_content_type[192]" time="0.127" /><testcase classname="backend.tests.test_pwa.TestPWAIcons" name="test_icon_content_type[384]" time="0.111" /><testcase classname="backend.tests.test_pwa.TestPWAIcons" name="test_icon_content_type[512]" time="0.109" /><testcase classname="backend.tests.test_pwa.TestPWAIcons" name="test_manifest_icons_match_files" time="1.057" /><testcase classname="backend.tests.test_pwa.TestPWAIndexHTML" name="test_index_has_manifest_link" time="0.132" /><testcase classname="backend.tests.test_pwa.TestPWAIndexHTML" name="test_index_has_theme_color" time="0.108" /><testcase classname="backend.tests.test_pwa.TestPWAIndexHTML" name="test_index_has_apple_meta_tags" time="0.111" /><testcase classname="backend.tests.test_pwa.TestLoginFlow" name="test_login_endpoint_exists" time="0.335" /><testcase classname="backend.tests.test_pwa.TestLoginFlow" name="test_login_with_demo_credentials" time="0.353"><failure message="AssertionError: Login response missing token or user&#10;assert ('token' in {'avatar': '', 'email': 'demo@rebeltrade.net', 'id': '69cb12a7ad8898386422d85c', 'is_verified': False, ...} or 'user' in {'avatar': '', 'email': 'demo@rebeltrade.net', 'id': '69cb12a7ad8898386422d85c', 'is_verified': False, ...})">backend/tests/test_pwa.py:229: in test_login_with_demo_credentials
    assert 'token' in data or 'user' in data, "Login response missing token or user"
E   AssertionError: Login response missing token or user
E   assert ('token' in {'avatar': '', 'email': 'demo@rebeltrade.net', 'id': '69cb12a7ad8898386422d85c', 'is_verified': False, ...} or 'user' in {'avatar': '', 'email': 'demo@rebeltrade.net', 'id': '69cb12a7ad8898386422d85c', 'is_verified': False, ...})</failure></testcase></testsuite></testsuites>