<?xml version="1.0" encoding="utf-8"?><testsuites name="pytest tests"><testsuite name="pytest" errors="0" failures="0" skipped="0" tests="49" time="19.829" timestamp="2026-04-03T14:16:37.618738+00:00" hostname="agent-env-d747d49d-7dab-4a87-9158-90558f477a75"><testcase classname="tests.test_comprehensive_features.TestAuthFlow" name="test_api_root_running" time="0.164" /><testcase classname="tests.test_comprehensive_features.TestAuthFlow" name="test_login_admin_user" time="0.340" /><testcase classname="tests.test_comprehensive_features.TestAuthFlow" name="test_login_demo_user" time="0.322" /><testcase classname="tests.test_comprehensive_features.TestAuthFlow" name="test_login_invalid_credentials" time="0.105" /><testcase classname="tests.test_comprehensive_features.TestAuthFlow" name="test_auth_me_requires_auth" time="0.113" /><testcase classname="tests.test_comprehensive_features.TestAuthFlow" name="test_session_persistence" time="0.378" /><testcase classname="tests.test_comprehensive_features.TestAuthFlow" name="test_logout" time="0.417" /><testcase classname="tests.test_comprehensive_features.TestFeedAndPosts" name="test_get_posts_requires_auth" time="0.104" /><testcase classname="tests.test_comprehensive_features.TestFeedAndPosts" name="test_get_posts" time="0.386" /><testcase classname="tests.test_comprehensive_features.TestFeedAndPosts" name="test_create_post" time="0.392" /><testcase classname="tests.test_comprehensive_features.TestFeedAndPosts" name="test_like_unlike_post" time="0.482" /><testcase classname="tests.test_comprehensive_features.TestFeedAndPosts" name="test_create_comment" time="0.441" /><testcase classname="tests.test_comprehensive_features.TestFeedAndPosts" name="test_get_comments" time="0.458" /><testcase classname="tests.test_comprehensive_features.TestFeedAndPosts" name="test_threaded_comments" time="0.499" /><testcase classname="tests.test_comprehensive_features.TestFeedAndPosts" name="test_nearby_filter" time="0.395" /><testcase classname="tests.test_comprehensive_features.TestFeedAndPosts" name="test_matched_posts" time="0.421" /><testcase classname="tests.test_comprehensive_features.TestTradeNetwork" name="test_get_connections" time="0.408" /><testcase classname="tests.test_comprehensive_features.TestTradeNetwork" name="test_get_pending_requests" time="0.385" /><testcase classname="tests.test_comprehensive_features.TestTradeNetwork" name="test_get_recommended_traders" time="0.378" /><testcase classname="tests.test_comprehensive_features.TestTradeNetwork" name="test_network_status" time="0.741" /><testcase classname="tests.test_comprehensive_features.TestTradeDeals" name="test_get_incoming_trades" time="0.384" /><testcase classname="tests.test_comprehensive_features.TestTradeDeals" name="test_get_outgoing_trades" time="0.413" /><testcase classname="tests.test_comprehensive_features.TestTradeDeals" name="test_get_trade_history" time="0.374" /><testcase classname="tests.test_comprehensive_features.TestTradeDeals" name="test_get_active_trade_count" time="0.373" /><testcase classname="tests.test_comprehensive_features.TestTradeDeals" name="test_create_trade_offer" time="0.744" /><testcase classname="tests.test_comprehensive_features.TestMessaging" name="test_get_conversations" time="0.388" /><testcase classname="tests.test_comprehensive_features.TestMessaging" name="test_send_message" time="0.803" /><testcase classname="tests.test_comprehensive_features.TestMessaging" name="test_get_messages" time="0.770" /><testcase classname="tests.test_comprehensive_features.TestGallery" name="test_get_gallery" time="0.376" /><testcase classname="tests.test_comprehensive_features.TestGallery" name="test_like_gallery_item" time="0.411" /><testcase classname="tests.test_comprehensive_features.TestProfile" name="test_get_own_profile" time="0.374" /><testcase classname="tests.test_comprehensive_features.TestProfile" name="test_get_other_profile" time="0.728" /><testcase classname="tests.test_comprehensive_features.TestProfile" name="test_update_profile" time="0.388" /><testcase classname="tests.test_comprehensive_features.TestProfile" name="test_get_nearby_users" time="0.374" /><testcase classname="tests.test_comprehensive_features.TestAdmin" name="test_admin_stats" time="0.375" /><testcase classname="tests.test_comprehensive_features.TestAdmin" name="test_admin_stats_requires_admin" time="0.378" /><testcase classname="tests.test_comprehensive_features.TestAdmin" name="test_admin_users" time="0.430" /><testcase classname="tests.test_comprehensive_features.TestAdmin" name="test_admin_posts" time="0.420" /><testcase classname="tests.test_comprehensive_features.TestAdmin" name="test_admin_audit_log" time="0.379" /><testcase classname="tests.test_comprehensive_features.TestInvites" name="test_create_invite" time="0.387" /><testcase classname="tests.test_comprehensive_features.TestInvites" name="test_validate_invite" time="0.487" /><testcase classname="tests.test_comprehensive_features.TestInvites" name="test_get_my_invites" time="0.394" /><testcase classname="tests.test_comprehensive_features.TestPushNotifications" name="test_get_vapid_key" time="0.116" /><testcase classname="tests.test_comprehensive_features.TestPushNotifications" name="test_notification_status" time="0.375" /><testcase classname="tests.test_comprehensive_features.TestCategories" name="test_get_goods_categories" time="0.374" /><testcase classname="tests.test_comprehensive_features.TestCategories" name="test_get_skills_categories" time="0.419" /><testcase classname="tests.test_comprehensive_features.TestCategories" name="test_get_services_categories" time="0.395" /><testcase classname="tests.test_comprehensive_features.TestCategories" name="test_get_all_categories" time="0.370" /><testcase classname="tests.test_comprehensive_features.TestFileUploads" name="test_upload_requires_auth" time="0.147" /></testsuite></testsuites>