<?xml version="1.0" encoding="utf-8"?><testsuites name="pytest tests"><testsuite name="pytest" errors="0" failures="0" skipped="0" tests="24" time="5.246" timestamp="2026-04-02T12:13:46.217779+00:00" hostname="agent-env-83b5706f-b70a-4e5e-a2d4-1e88c8ecf215"><testcase classname="backend.tests.test_trade_deals.TestTradeDealsAPI" name="test_get_incoming_trades_empty_or_list" time="0.561" /><testcase classname="backend.tests.test_trade_deals.TestTradeDealsAPI" name="test_get_outgoing_trades_empty_or_list" time="0.056" /><testcase classname="backend.tests.test_trade_deals.TestTradeDealsAPI" name="test_get_trade_history" time="0.057" /><testcase classname="backend.tests.test_trade_deals.TestTradeDealsAPI" name="test_get_active_trade_count" time="0.062" /><testcase classname="backend.tests.test_trade_deals.TestTradeDealsAPI" name="test_create_trade_offer" time="0.437" /><testcase classname="backend.tests.test_trade_deals.TestTradeDealsAPI" name="test_create_trade_offer_validation_no_offering" time="0.096" /><testcase classname="backend.tests.test_trade_deals.TestTradeDealsAPI" name="test_create_trade_offer_validation_no_requesting" time="0.051" /><testcase classname="backend.tests.test_trade_deals.TestTradeDealsAPI" name="test_create_trade_offer_self_trade_rejected" time="0.102" /><testcase classname="backend.tests.test_trade_deals.TestTradeDealsAPI" name="test_verify_trade_in_outgoing" time="0.054" /><testcase classname="backend.tests.test_trade_deals.TestTradeDealsAPI" name="test_verify_trade_in_incoming_for_receiver" time="0.054" /><testcase classname="backend.tests.test_trade_deals.TestTradeDealsAPI" name="test_active_count_increases" time="0.050" /><testcase classname="backend.tests.test_trade_deals.TestTradeResponses" name="test_decline_trade_offer" time="0.800" /><testcase classname="backend.tests.test_trade_deals.TestTradeResponses" name="test_accept_trade_offer" time="0.089" /><testcase classname="backend.tests.test_trade_deals.TestTradeResponses" name="test_cancel_trade_offer" time="0.100" /><testcase classname="backend.tests.test_trade_deals.TestTradeResponses" name="test_counter_trade_offer" time="0.177" /><testcase classname="backend.tests.test_trade_deals.TestTradeResponses" name="test_respond_to_counter_offer" time="0.147" /><testcase classname="backend.tests.test_trade_deals.TestTradeHistory" name="test_completed_trades_in_history" time="0.386" /><testcase classname="backend.tests.test_trade_deals.TestTradeHistory" name="test_history_pagination" time="0.096" /><testcase classname="backend.tests.test_trade_deals.TestTradeHistory" name="test_history_privacy_only_own_trades" time="0.445" /><testcase classname="backend.tests.test_trade_deals.TestTradeDealsEdgeCases" name="test_respond_to_nonexistent_trade" time="0.376" /><testcase classname="backend.tests.test_trade_deals.TestTradeDealsEdgeCases" name="test_cancel_nonexistent_trade" time="0.046" /><testcase classname="backend.tests.test_trade_deals.TestTradeDealsEdgeCases" name="test_counter_nonexistent_trade" time="0.042" /><testcase classname="backend.tests.test_trade_deals.TestTradeDealsEdgeCases" name="test_invalid_respond_action" time="0.542" /><testcase classname="backend.tests.test_trade_deals.TestTradeDealsEdgeCases" name="test_unauthenticated_access" time="0.309" /></testsuite></testsuites>