<?xml version="1.0" encoding="utf-8"?><testsuites name="pytest tests"><testsuite name="pytest" errors="0" failures="2" skipped="0" tests="20" time="10.974" timestamp="2026-04-03T14:51:05.016268+00:00" hostname="agent-env-d747d49d-7dab-4a87-9158-90558f477a75"><testcase classname="backend.tests.test_non_admin_posting.TestNonAdminBarterPost" name="test_create_barter_post_with_all_fields" time="0.537"><failure message="AssertionError: Created post should appear in feed&#10;assert '69cfd3d9ac01849897a257dd' in ['69cb12a7ad8898386422d85d', '69cb12a7ad8898386422d85e', '69c82b074a1b2049579b7637', '69c82b074a1b2049579b7638', '69cee5195983a5a8354efa4e', '69cee5a72ae6c3e064286fbe', ...]&#10; +  where '69cfd3d9ac01849897a257dd' = &lt;test_non_admin_posting.TestNonAdminBarterPost object at 0xf9b5b49fc290&gt;.created_post_id">backend/tests/test_non_admin_posting.py:62: in test_create_barter_post_with_all_fields
    assert self.created_post_id in post_ids, "Created post should appear in feed"
E   AssertionError: Created post should appear in feed
E   assert '69cfd3d9ac01849897a257dd' in ['69cb12a7ad8898386422d85d', '69cb12a7ad8898386422d85e', '69c82b074a1b2049579b7637', '69c82b074a1b2049579b7638', '69cee5195983a5a8354efa4e', '69cee5a72ae6c3e064286fbe', ...]
E    +  where '69cfd3d9ac01849897a257dd' = &lt;test_non_admin_posting.TestNonAdminBarterPost object at 0xf9b5b49fc290&gt;.created_post_id</failure></testcase><testcase classname="backend.tests.test_non_admin_posting.TestNonAdminBarterPost" name="test_create_barter_post_services_category" time="0.382" /><testcase classname="backend.tests.test_non_admin_posting.TestNonAdminBarterPost" name="test_create_barter_post_skills_category" time="0.398" /><testcase classname="backend.tests.test_non_admin_posting.TestNonAdminBarterPost" name="test_like_own_barter_post" time="0.545" /><testcase classname="backend.tests.test_non_admin_posting.TestNonAdminBarterPost" name="test_comment_on_barter_post" time="0.483" /><testcase classname="backend.tests.test_non_admin_posting.TestNonAdminBarterPost" name="test_barter_post_validation_title_required" time="0.395"><failure message="AssertionError: Expected validation error, got 201&#10;assert 201 in [400, 422]&#10; +  where 201 = &lt;Response [201]&gt;.status_code">backend/tests/test_non_admin_posting.py:175: in test_barter_post_validation_title_required
    assert res.status_code in [400, 422], f"Expected validation error, got {res.status_code}"
E   AssertionError: Expected validation error, got 201
E   assert 201 in [400, 422]
E    +  where 201 = &lt;Response [201]&gt;.status_code</failure></testcase><testcase classname="backend.tests.test_non_admin_posting.TestNonAdminCommunityPost" name="test_get_community_topics" time="0.390" /><testcase classname="backend.tests.test_non_admin_posting.TestNonAdminCommunityPost" name="test_create_community_post_with_all_fields" time="0.459" /><testcase classname="backend.tests.test_non_admin_posting.TestNonAdminCommunityPost" name="test_create_community_post_each_topic" time="0.537" /><testcase classname="backend.tests.test_non_admin_posting.TestNonAdminCommunityPost" name="test_like_community_post" time="0.800" /><testcase classname="backend.tests.test_non_admin_posting.TestNonAdminCommunityPost" name="test_comment_on_community_post" time="0.456" /><testcase classname="backend.tests.test_non_admin_posting.TestNonAdminCommunityPost" name="test_reply_to_community_comment" time="0.562" /><testcase classname="backend.tests.test_non_admin_posting.TestNonAdminCommunityPost" name="test_community_post_validation" time="0.443" /><testcase classname="backend.tests.test_non_admin_posting.TestNonAdminCommunityPost" name="test_filter_community_by_topic" time="0.477" /><testcase classname="backend.tests.test_non_admin_posting.TestPushNotifications" name="test_like_triggers_notification_endpoint" time="0.427" /><testcase classname="backend.tests.test_non_admin_posting.TestPushNotifications" name="test_comment_triggers_notification_endpoint" time="0.422" /><testcase classname="backend.tests.test_non_admin_posting.TestPushNotifications" name="test_reply_triggers_notification_endpoint" time="0.767" /><testcase classname="backend.tests.test_non_admin_posting.TestFilterPersistence" name="test_barter_feed_filter_with_category" time="0.969" /><testcase classname="backend.tests.test_non_admin_posting.TestFilterPersistence" name="test_community_filter_with_topic" time="0.398" /><testcase classname="backend.tests.test_non_admin_posting.TestCleanup" name="test_cleanup_test_posts" time="1.001" /></testsuite></testsuites>