<?xml version="1.0" encoding="utf-8"?><testsuites name="pytest tests"><testsuite name="pytest" errors="0" failures="0" skipped="0" tests="20" time="4.957" timestamp="2026-03-28T20:59:54.147348+00:00" hostname="agent-env-92a86804-e2ee-4cff-b814-1f9f118b0e15"><testcase classname="backend.tests.test_trade_network.TestNetworkEndpoints" name="test_send_network_request" time="0.754" /><testcase classname="backend.tests.test_trade_network.TestNetworkEndpoints" name="test_send_request_to_self_fails" time="0.052" /><testcase classname="backend.tests.test_trade_network.TestNetworkEndpoints" name="test_send_request_to_nonexistent_user" time="0.052" /><testcase classname="backend.tests.test_trade_network.TestNetworkEndpoints" name="test_get_pending_requests" time="0.062" /><testcase classname="backend.tests.test_trade_network.TestNetworkEndpoints" name="test_pending_requests_structure" time="0.054" /><testcase classname="backend.tests.test_trade_network.TestNetworkEndpoints" name="test_accept_network_request" time="0.158" /><testcase classname="backend.tests.test_trade_network.TestNetworkEndpoints" name="test_decline_network_request" time="0.559" /><testcase classname="backend.tests.test_trade_network.TestNetworkEndpoints" name="test_respond_to_nonexistent_request" time="0.054" /><testcase classname="backend.tests.test_trade_network.TestNetworkEndpoints" name="test_get_network_connections" time="0.072" /><testcase classname="backend.tests.test_trade_network.TestNetworkEndpoints" name="test_connections_structure" time="0.052" /><testcase classname="backend.tests.test_trade_network.TestNetworkEndpoints" name="test_get_network_status_connected" time="0.062" /><testcase classname="backend.tests.test_trade_network.TestNetworkEndpoints" name="test_get_network_status_none" time="0.430" /><testcase classname="backend.tests.test_trade_network.TestNetworkEndpoints" name="test_cancel_network_request" time="0.509" /><testcase classname="backend.tests.test_trade_network.TestNetworkEndpoints" name="test_cancel_nonexistent_request" time="0.049" /><testcase classname="backend.tests.test_trade_network.TestNetworkEndpoints" name="test_remove_connection" time="0.165" /><testcase classname="backend.tests.test_trade_network.TestNetworkEndpoints" name="test_remove_nonexistent_connection" time="0.055" /><testcase classname="backend.tests.test_trade_network.TestNetworkEndpoints" name="test_posts_include_network_field" time="0.063" /><testcase classname="backend.tests.test_trade_network.TestNetworkEndpoints" name="test_posts_include_feed_score" time="0.052" /><testcase classname="backend.tests.test_trade_network.TestNetworkEndpoints" name="test_network_endpoints_require_auth" time="0.413" /><testcase classname="backend.tests.test_trade_network.TestNetworkIntegration" name="test_full_network_flow" time="1.146" /></testsuite></testsuites>