<?xml version="1.0" encoding="utf-8"?><testsuites name="pytest tests"><testsuite name="pytest" errors="0" failures="0" skipped="0" tests="10" time="1.427" timestamp="2026-07-10T14:15:54.559077+00:00" hostname="agent-env-85bb37b9-7a25-4152-8e97-fb6a24ff9233"><testcase classname="backend.tests.test_avatar_backfill.TestAvatarBackfill" name="test_login_success" time="0.648" /><testcase classname="backend.tests.test_avatar_backfill.TestAvatarBackfill" name="test_create_barter_post" time="0.107" /><testcase classname="backend.tests.test_avatar_backfill.TestAvatarBackfill" name="test_create_community_post" time="0.063" /><testcase classname="backend.tests.test_avatar_backfill.TestAvatarBackfill" name="test_update_avatar_via_profile_put" time="0.059" /><testcase classname="backend.tests.test_avatar_backfill.TestAvatarBackfill" name="test_user_profile_shows_new_avatar" time="0.059" /><testcase classname="backend.tests.test_avatar_backfill.TestAvatarBackfill" name="test_barter_post_backfilled_with_new_avatar" time="0.069" /><testcase classname="backend.tests.test_avatar_backfill.TestAvatarBackfill" name="test_community_post_backfilled_with_new_avatar" time="0.070" /><testcase classname="backend.tests.test_avatar_backfill.TestAvatarBackfill" name="test_backfill_also_works_on_existing_posts" time="0.164" /><testcase classname="backend.tests.test_avatar_backfill.TestAvatarBackfill" name="test_avatar_update_without_other_fields" time="0.055" /><testcase classname="backend.tests.test_avatar_backfill.TestAvatarBackfill" name="test_cleanup_restore_avatar" time="0.055" /></testsuite></testsuites>