<?xml version="1.0" encoding="utf-8"?><testsuites name="pytest tests"><testsuite name="pytest" errors="0" failures="0" skipped="0" tests="15" time="4.320" timestamp="2026-03-28T19:24:53.764570+00:00" hostname="agent-env-3b247668-1d18-4a0a-b47d-f160b5f32e4d"><testcase classname="backend.tests.test_location_matching.TestLocationMatching" name="test_posts_have_is_nearby_field" time="1.542" /><testcase classname="backend.tests.test_location_matching.TestLocationMatching" name="test_posts_have_user_location_field" time="0.051" /><testcase classname="backend.tests.test_location_matching.TestLocationMatching" name="test_is_nearby_true_for_same_location" time="0.051" /><testcase classname="backend.tests.test_location_matching.TestLocationMatching" name="test_nearby_only_filter" time="0.105" /><testcase classname="backend.tests.test_location_matching.TestLocationMatching" name="test_nearby_only_excludes_distant_posts" time="0.067" /><testcase classname="backend.tests.test_location_matching.TestLocationMatching" name="test_matches_have_location_fields" time="0.108" /><testcase classname="backend.tests.test_location_matching.TestLocationMatching" name="test_matches_prioritize_nearby_users" time="0.101" /><testcase classname="backend.tests.test_location_matching.TestLocationMatching" name="test_matches_sorted_by_score" time="0.049" /><testcase classname="backend.tests.test_location_matching.TestLocationMatching" name="test_nearby_users_endpoint" time="0.050" /><testcase classname="backend.tests.test_location_matching.TestLocationMatching" name="test_nearby_users_same_location" time="0.052" /><testcase classname="backend.tests.test_location_matching.TestLocationMatching" name="test_nearby_users_excludes_current_user" time="0.051" /><testcase classname="backend.tests.test_location_matching.TestLocationMatching" name="test_nearby_users_no_location_message" time="0.394" /><testcase classname="backend.tests.test_location_matching.TestLocationMatching" name="test_partial_location_match" time="0.377" /><testcase classname="backend.tests.test_location_matching.TestLocationMatchingEdgeCases" name="test_case_insensitive_matching" time="0.387" /><testcase classname="backend.tests.test_location_matching.TestLocationMatchingEdgeCases" name="test_empty_location_handling" time="0.720" /></testsuite></testsuites>