<?xml version="1.0" encoding="utf-8"?><testsuites name="pytest tests"><testsuite name="pytest" errors="0" failures="0" skipped="0" tests="16" time="10.492" timestamp="2026-03-28T19:12:34.242278+00:00" hostname="agent-env-6deb0cb4-4d62-414a-a663-0bc5c86e8ee1"><testcase classname="backend.tests.test_comments.TestCommentsFeature" name="test_create_comment_success" time="0.605" /><testcase classname="backend.tests.test_comments.TestCommentsFeature" name="test_create_comment_empty_content" time="0.482" /><testcase classname="backend.tests.test_comments.TestCommentsFeature" name="test_create_comment_nonexistent_post" time="0.803" /><testcase classname="backend.tests.test_comments.TestCommentsFeature" name="test_create_comment_without_auth" time="0.646" /><testcase classname="backend.tests.test_comments.TestCommentsFeature" name="test_get_comments_success" time="0.712" /><testcase classname="backend.tests.test_comments.TestCommentsFeature" name="test_get_comments_empty_post" time="0.513" /><testcase classname="backend.tests.test_comments.TestCommentsFeature" name="test_get_comments_nonexistent_post" time="0.503" /><testcase classname="backend.tests.test_comments.TestCommentsFeature" name="test_get_comments_without_auth" time="0.633" /><testcase classname="backend.tests.test_comments.TestCommentsFeature" name="test_delete_own_comment" time="0.600" /><testcase classname="backend.tests.test_comments.TestCommentsFeature" name="test_delete_nonexistent_comment" time="0.499" /><testcase classname="backend.tests.test_comments.TestCommentsFeature" name="test_delete_comment_nonexistent_post" time="0.447" /><testcase classname="backend.tests.test_comments.TestCommentsFeature" name="test_delete_comment_without_auth" time="0.591" /><testcase classname="backend.tests.test_comments.TestCommentsFeature" name="test_post_owner_can_delete_others_comment" time="0.972" /><testcase classname="backend.tests.test_comments.TestCommentsFeature" name="test_non_owner_cannot_delete_others_comment" time="1.071" /><testcase classname="backend.tests.test_comments.TestCommentsFeature" name="test_comment_content_decryption" time="0.746" /><testcase classname="backend.tests.test_comments.TestCommentsIntegration" name="test_comments_included_in_posts_list" time="0.514" /></testsuite></testsuites>