<?xml version="1.0" encoding="utf-8"?><testsuites name="pytest tests"><testsuite name="pytest" errors="0" failures="0" skipped="0" tests="9" time="3.389" timestamp="2026-04-02T11:04:23.315810+00:00" hostname="agent-env-76f5f910-ffbd-48f1-ad15-0a8f7616f91b"><testcase classname="backend.tests.test_audit_log.TestAuditLogEndpoint" name="test_audit_log_returns_correct_structure" time="0.536" /><testcase classname="backend.tests.test_audit_log.TestAuditLogEndpoint" name="test_audit_log_entry_has_required_fields" time="0.050" /><testcase classname="backend.tests.test_audit_log.TestAuditLogEndpoint" name="test_audit_log_sorted_by_created_at_desc" time="0.046" /><testcase classname="backend.tests.test_audit_log.TestAuditLogEndpoint" name="test_non_admin_cannot_access_audit_log" time="0.382" /><testcase classname="backend.tests.test_audit_log.TestVerifyTraderAuditLog" name="test_verify_trader_creates_audit_log" time="0.728" /><testcase classname="backend.tests.test_audit_log.TestRoleChangeAuditLog" name="test_role_change_creates_audit_log" time="0.735" /><testcase classname="backend.tests.test_audit_log.TestDeletePostAuditLog" name="test_delete_post_creates_audit_log" time="0.689" /><testcase classname="backend.tests.test_audit_log.TestAuditLogPagination" name="test_audit_log_respects_limit" time="0.046" /><testcase classname="backend.tests.test_audit_log.TestAuditLogPagination" name="test_audit_log_respects_skip" time="0.090" /></testsuite></testsuites>