<?xml version="1.0" encoding="utf-8"?><testsuites name="pytest tests"><testsuite name="pytest" errors="0" failures="0" skipped="0" tests="15" time="4.037" timestamp="2026-03-28T21:07:12.628243+00:00" hostname="agent-env-92a86804-e2ee-4cff-b814-1f9f118b0e15"><testcase classname="backend.tests.test_recommended_traders.TestRecommendedTradersEndpoint" name="test_recommended_endpoint_returns_200" time="0.693" /><testcase classname="backend.tests.test_recommended_traders.TestRecommendedTradersEndpoint" name="test_recommended_response_structure" time="0.057" /><testcase classname="backend.tests.test_recommended_traders.TestRecommendedTradersEndpoint" name="test_recommendation_item_structure" time="0.485" /><testcase classname="backend.tests.test_recommended_traders.TestRecommendedTradersEndpoint" name="test_recommendations_show_offers_you_want" time="0.059" /><testcase classname="backend.tests.test_recommended_traders.TestRecommendedTradersEndpoint" name="test_recommendations_show_wants_you_offer" time="0.051" /><testcase classname="backend.tests.test_recommended_traders.TestRecommendedTradersEndpoint" name="test_recommendations_show_match_reason" time="0.057" /><testcase classname="backend.tests.test_recommended_traders.TestRecommendedTradersEndpoint" name="test_match_score_calculation" time="0.057" /><testcase classname="backend.tests.test_recommended_traders.TestRecommendedTradersEndpoint" name="test_excludes_already_connected_users" time="0.130" /><testcase classname="backend.tests.test_recommended_traders.TestRecommendedTradersEndpoint" name="test_excludes_pending_request_users" time="0.112" /><testcase classname="backend.tests.test_recommended_traders.TestRecommendedTradersEndpoint" name="test_excludes_self" time="0.111" /><testcase classname="backend.tests.test_recommended_traders.TestRecommendedTradersEndpoint" name="test_empty_state_when_no_preferences" time="0.442" /><testcase classname="backend.tests.test_recommended_traders.TestRecommendedTradersEndpoint" name="test_empty_state_when_no_matches" time="0.485" /><testcase classname="backend.tests.test_recommended_traders.TestRecommendedTradersEndpoint" name="test_limit_parameter" time="0.057" /><testcase classname="backend.tests.test_recommended_traders.TestRecommendedTradersEndpoint" name="test_requires_authentication" time="0.112" /><testcase classname="backend.tests.test_recommended_traders.TestRecommendedTradersIntegration" name="test_connect_from_recommendation" time="0.997" /></testsuite></testsuites>