<?xml version="1.0" encoding="utf-8"?><testsuites name="pytest tests"><testsuite name="pytest" errors="0" failures="0" skipped="0" tests="31" time="3.625" timestamp="2026-04-03T14:40:48.990564+00:00" hostname="agent-env-d747d49d-7dab-4a87-9158-90558f477a75"><testcase classname="backend.tests.test_community_and_announcements.TestCommunityTopics" name="test_get_topics_returns_15_topics" time="0.202" /><testcase classname="backend.tests.test_community_and_announcements.TestCommunityTopics" name="test_topics_include_expected_categories" time="0.146" /><testcase classname="backend.tests.test_community_and_announcements.TestCommunityPosts" name="test_create_community_post_requires_auth" time="0.108" /><testcase classname="backend.tests.test_community_and_announcements.TestCommunityPosts" name="test_create_community_post" time="0.411" /><testcase classname="backend.tests.test_community_and_announcements.TestCommunityPosts" name="test_create_community_post_requires_title" time="0.056" /><testcase classname="backend.tests.test_community_and_announcements.TestCommunityPosts" name="test_create_community_post_requires_content" time="0.056" /><testcase classname="backend.tests.test_community_and_announcements.TestCommunityPosts" name="test_get_community_posts" time="0.052" /><testcase classname="backend.tests.test_community_and_announcements.TestCommunityPosts" name="test_get_community_posts_with_topic_filter" time="0.055" /><testcase classname="backend.tests.test_community_and_announcements.TestCommunityPosts" name="test_get_community_posts_with_nearby_filter" time="0.053" /><testcase classname="backend.tests.test_community_and_announcements.TestCommunityPosts" name="test_get_community_posts_with_network_filter" time="0.051" /><testcase classname="backend.tests.test_community_and_announcements.TestCommunityPosts" name="test_get_community_posts_with_verified_filter" time="0.053" /><testcase classname="backend.tests.test_community_and_announcements.TestCommunityLikes" name="test_like_community_post" time="0.166" /><testcase classname="backend.tests.test_community_and_announcements.TestCommunityLikes" name="test_like_nonexistent_post" time="0.059" /><testcase classname="backend.tests.test_community_and_announcements.TestCommunityComments" name="test_add_comment_to_community_post" time="0.114" /><testcase classname="backend.tests.test_community_and_announcements.TestCommunityComments" name="test_add_threaded_reply" time="0.054" /><testcase classname="backend.tests.test_community_and_announcements.TestCommunityComments" name="test_comment_requires_content" time="0.104" /><testcase classname="backend.tests.test_community_and_announcements.TestSystemMessages" name="test_get_active_messages_no_auth_required" time="0.115" /><testcase classname="backend.tests.test_community_and_announcements.TestSystemMessages" name="test_create_system_message_requires_admin" time="0.057" /><testcase classname="backend.tests.test_community_and_announcements.TestSystemMessages" name="test_create_system_message" time="0.414" /><testcase classname="backend.tests.test_community_and_announcements.TestSystemMessages" name="test_get_all_system_messages_requires_admin" time="0.051" /><testcase classname="backend.tests.test_community_and_announcements.TestSystemMessages" name="test_get_all_system_messages" time="0.057" /><testcase classname="backend.tests.test_community_and_announcements.TestSystemMessages" name="test_update_system_message" time="0.059" /><testcase classname="backend.tests.test_community_and_announcements.TestSystemMessages" name="test_toggle_system_message_active" time="0.156" /><testcase classname="backend.tests.test_community_and_announcements.TestSystemMessages" name="test_delete_system_message" time="0.167" /><testcase classname="backend.tests.test_community_and_announcements.TestBarterFeedFilters" name="test_get_posts_with_nearby_filter" time="0.057" /><testcase classname="backend.tests.test_community_and_announcements.TestBarterFeedFilters" name="test_get_posts_with_network_filter" time="0.053" /><testcase classname="backend.tests.test_community_and_announcements.TestBarterFeedFilters" name="test_get_posts_with_verified_filter" time="0.057" /><testcase classname="backend.tests.test_community_and_announcements.TestBarterFeedFilters" name="test_get_posts_with_category_filter" time="0.058" /><testcase classname="backend.tests.test_community_and_announcements.TestBarterFeedFilters" name="test_get_posts_with_multiple_filters" time="0.054" /><testcase classname="backend.tests.test_community_and_announcements.TestCommunityPostDeletion" name="test_delete_own_community_post" time="0.153" /><testcase classname="backend.tests.test_community_and_announcements.TestCleanup" name="test_cleanup_test_posts" time="0.276" /></testsuite></testsuites>