<?xml version="1.0" encoding="utf-8"?><testsuites name="pytest tests"><testsuite name="pytest" errors="0" failures="0" skipped="0" tests="13" time="90.278" timestamp="2026-05-02T11:57:45.459486+00:00" hostname="agent-env-69eb6f6f-6f73-4788-ac50-8ef511db6131"><testcase classname="tests.test_security_hardening.TestBasicLogin" name="test_login_returns_user_payload_and_cookies" time="0.442" /><testcase classname="tests.test_security_hardening.TestAccountLockout" name="test_five_fails_then_sixth_is_429" time="0.845" /><testcase classname="tests.test_security_hardening.TestAccountLockout" name="test_successful_login_clears_prior_fails" time="1.085" /><testcase classname="tests.test_security_hardening.TestPasswordStrength" name="test_weak_password_returns_low_score" time="0.104" /><testcase classname="tests.test_security_hardening.TestPasswordStrength" name="test_strong_password_returns_high_score" time="0.107" /><testcase classname="tests.test_security_hardening.TestPasswordStrength" name="test_register_rejects_weak_password" time="0.106" /><testcase classname="tests.test_security_hardening.TestTwoFactorFlow" name="test_full_2fa_lifecycle" time="6.247" /><testcase classname="tests.test_security_hardening.TestSessionManagement" name="test_list_sessions_marks_current" time="75.598" /><testcase classname="tests.test_security_hardening.TestSessionManagement" name="test_revoke_others_keeps_current" time="0.966" /><testcase classname="tests.test_security_hardening.TestSessionManagement" name="test_refresh_rotates_token" time="1.764" /><testcase classname="tests.test_security_hardening.TestChangePassword" name="test_rejects_weak_new_password" time="0.665" /><testcase classname="tests.test_security_hardening.TestChangePassword" name="test_accepts_strong_new_password_and_rolls_back" time="1.707" /><testcase classname="tests.test_security_hardening.TestRegressionFeed" name="test_posts_feed_accessible" time="0.468" /></testsuite></testsuites>