<?xml version="1.0" encoding="utf-8"?><testsuites name="pytest tests"><testsuite name="pytest" errors="0" failures="0" skipped="0" tests="15" time="1.666" timestamp="2026-07-10T14:34:27.595124+00:00" hostname="agent-env-85bb37b9-7a25-4152-8e97-fb6a24ff9233"><testcase classname="backend.tests.test_p1_features.TestAdminUsers" name="test_admin_get_users_returns_200" time="0.450" /><testcase classname="backend.tests.test_p1_features.TestAdminUsers" name="test_admin_get_users_includes_banned_field" time="0.066" /><testcase classname="backend.tests.test_p1_features.TestBanUser" name="test_ban_user_returns_200" time="0.198" /><testcase classname="backend.tests.test_p1_features.TestBanUser" name="test_ban_user_response_has_correct_fields" time="0.054" /><testcase classname="backend.tests.test_p1_features.TestBanUser" name="test_ban_toggles_state" time="0.160" /><testcase classname="backend.tests.test_p1_features.TestBanUser" name="test_cannot_ban_own_account" time="0.048" /><testcase classname="backend.tests.test_p1_features.TestPublicId" name="test_admin_profile_has_public_id" time="0.051" /><testcase classname="backend.tests.test_p1_features.TestPublicId" name="test_profile_public_id_is_consistent" time="0.102" /><testcase classname="backend.tests.test_p1_features.TestNetworkSearchByPublicId" name="test_search_by_public_id_returns_user" time="0.114" /><testcase classname="backend.tests.test_p1_features.TestNetworkSearchByPublicId" name="test_search_by_name_still_works" time="0.047" /><testcase classname="backend.tests.test_p1_features.TestNetworkSearchByPublicId" name="test_search_short_query_returns_empty" time="0.093" /><testcase classname="backend.tests.test_p1_features.TestAdminReports" name="test_reports_endpoint_returns_200" time="0.051" /><testcase classname="backend.tests.test_p1_features.TestAdminReports" name="test_escalated_reports_endpoint_returns_200" time="0.049" /><testcase classname="backend.tests.test_p1_features.TestAdminReports" name="test_report_stats_returns_200" time="0.052" /><testcase classname="backend.tests.test_p1_features.TestAdminStats" name="test_admin_stats_returns_200" time="0.055" /></testsuite></testsuites>