<?xml version="1.0" encoding="utf-8"?><testsuites name="pytest tests"><testsuite name="pytest" errors="0" failures="0" skipped="0" tests="18" time="2.359" timestamp="2026-03-28T19:38:03.355603+00:00" hostname="agent-env-4f885851-5bd9-4a09-8fbe-84647c27be03"><testcase classname="backend.tests.test_push_notifications.TestVapidPublicKey" name="test_get_vapid_public_key_returns_200" time="0.125" /><testcase classname="backend.tests.test_push_notifications.TestVapidPublicKey" name="test_vapid_public_key_has_correct_structure" time="0.050" /><testcase classname="backend.tests.test_push_notifications.TestVapidPublicKey" name="test_vapid_public_key_no_auth_required" time="0.114" /><testcase classname="backend.tests.test_push_notifications.TestPushSubscription" name="test_subscribe_requires_auth" time="0.051" /><testcase classname="backend.tests.test_push_notifications.TestPushSubscription" name="test_subscribe_success" time="0.335" /><testcase classname="backend.tests.test_push_notifications.TestPushSubscription" name="test_subscribe_duplicate_returns_already_subscribed" time="0.107" /><testcase classname="backend.tests.test_push_notifications.TestPushSubscription" name="test_subscribe_validates_payload" time="0.050" /><testcase classname="backend.tests.test_push_notifications.TestPushUnsubscribe" name="test_unsubscribe_requires_auth" time="0.119" /><testcase classname="backend.tests.test_push_notifications.TestPushUnsubscribe" name="test_unsubscribe_success" time="0.116" /><testcase classname="backend.tests.test_push_notifications.TestPushUnsubscribe" name="test_unsubscribe_nonexistent_subscription" time="0.051" /><testcase classname="backend.tests.test_push_notifications.TestNotificationStatus" name="test_status_requires_auth" time="0.096" /><testcase classname="backend.tests.test_push_notifications.TestNotificationStatus" name="test_status_returns_subscription_info" time="0.052" /><testcase classname="backend.tests.test_push_notifications.TestTestNotification" name="test_test_notification_requires_auth" time="0.108" /><testcase classname="backend.tests.test_push_notifications.TestTestNotification" name="test_test_notification_success" time="0.149" /><testcase classname="backend.tests.test_push_notifications.TestLikeNotification" name="test_like_post_triggers_notification" time="0.386" /><testcase classname="backend.tests.test_push_notifications.TestCommentNotification" name="test_comment_triggers_notification" time="0.108" /><testcase classname="backend.tests.test_push_notifications.TestMessageNotification" name="test_message_triggers_notification" time="0.104" /><testcase classname="backend.tests.test_push_notifications.TestNotificationEndToEnd" name="test_full_subscription_flow" time="0.143" /></testsuite></testsuites>