<?xml version="1.0" encoding="utf-8"?><testsuites name="pytest tests"><testsuite name="pytest" errors="0" failures="1" skipped="0" tests="19" time="5.006" timestamp="2026-07-10T14:57:47.493342+00:00" hostname="agent-env-85bb37b9-7a25-4152-8e97-fb6a24ff9233"><testcase classname="backend.tests.test_p2_features.TestLoginEmailEncryption" name="test_admin_login_returns_200" time="0.588" /><testcase classname="backend.tests.test_p2_features.TestLoginEmailEncryption" name="test_admin_login_returns_access_token" time="0.370" /><testcase classname="backend.tests.test_p2_features.TestLoginEmailEncryption" name="test_admin_login_response_email_is_decrypted" time="0.364" /><testcase classname="backend.tests.test_p2_features.TestLoginEmailEncryption" name="test_admin_login_response_role_is_admin" time="0.363" /><testcase classname="backend.tests.test_p2_features.TestLoginEmailEncryption" name="test_wrong_password_returns_401" time="0.373" /><testcase classname="backend.tests.test_p2_features.TestLoginEmailEncryption" name="test_wrong_email_returns_401" time="0.149" /><testcase classname="backend.tests.test_p2_features.TestMeEndpointDecryptedEmail" name="test_me_returns_decrypted_email" time="0.534"><failure message="AssertionError: Email from /me doesn't look like email: 'gAAAAABqUQex71AhoOTEYe1o9y56av3TSukXy9l2d4p_fERyU4Q8Y73GHoAAWwMLu3AdSSs1mDdctSuHRBod3RmGl_Gn-AsCmUyHbcMCSx4IdNpZYO0UOtQ='&#10;assert '@' in 'gAAAAABqUQex71AhoOTEYe1o9y56av3TSukXy9l2d4p_fERyU4Q8Y73GHoAAWwMLu3AdSSs1mDdctSuHRBod3RmGl_Gn-AsCmUyHbcMCSx4IdNpZYO0UOtQ='">backend/tests/test_p2_features.py:134: in test_me_returns_decrypted_email
    assert "@" in email, f"Email from /me doesn't look like email: {email!r}"
E   AssertionError: Email from /me doesn't look like email: 'gAAAAABqUQex71AhoOTEYe1o9y56av3TSukXy9l2d4p_fERyU4Q8Y73GHoAAWwMLu3AdSSs1mDdctSuHRBod3RmGl_Gn-AsCmUyHbcMCSx4IdNpZYO0UOtQ='
E   assert '@' in 'gAAAAABqUQex71AhoOTEYe1o9y56av3TSukXy9l2d4p_fERyU4Q8Y73GHoAAWwMLu3AdSSs1mDdctSuHRBod3RmGl_Gn-AsCmUyHbcMCSx4IdNpZYO0UOtQ='</failure></testcase><testcase classname="backend.tests.test_p2_features.TestMeEndpointDecryptedEmail" name="test_me_returns_admin_role" time="0.107" /><testcase classname="backend.tests.test_p2_features.TestAdminUsersDecryptedEmails" name="test_admin_users_endpoint_returns_200" time="0.107" /><testcase classname="backend.tests.test_p2_features.TestAdminUsersDecryptedEmails" name="test_admin_users_emails_are_decrypted" time="0.102" /><testcase classname="backend.tests.test_p2_features.TestAdminUsersDecryptedEmails" name="test_admin_user_in_list" time="0.145" /><testcase classname="backend.tests.test_p2_features.TestAdminUsersDecryptedEmails" name="test_admin_users_requires_auth" time="0.113" /><testcase classname="backend.tests.test_p2_features.TestNetworkEmailSearch" name="test_search_by_email_returns_admin" time="0.127" /><testcase classname="backend.tests.test_p2_features.TestNetworkEmailSearch" name="test_search_by_partial_name_returns_results" time="0.106" /><testcase classname="backend.tests.test_p2_features.TestNetworkEmailSearch" name="test_search_results_emails_are_decrypted" time="0.118" /><testcase classname="backend.tests.test_p2_features.TestNetworkEmailSearch" name="test_search_by_test_banuser_email" time="0.114" /><testcase classname="backend.tests.test_p2_features.TestNetworkEmailSearch" name="test_search_requires_auth" time="0.101" /><testcase classname="backend.tests.test_p2_features.TestEmailMigration" name="test_login_with_correct_credentials_after_potential_migration" time="0.669" /><testcase classname="backend.tests.test_p2_features.TestEmailMigration" name="test_login_email_case_insensitive" time="0.330" /></testsuite></testsuites>