<?xml version="1.0" encoding="utf-8"?><testsuites name="pytest tests"><testsuite name="pytest" errors="0" failures="0" skipped="0" tests="13" time="5.742" timestamp="2026-04-02T22:00:30.982493+00:00" hostname="agent-env-a6039358-aa3f-4e9b-934b-d3cc72384f0e"><testcase classname="backend.tests.test_detailed_items.TestDetailedItemsFeature" name="test_profile_update_with_detailed_goods_offering" time="0.460" /><testcase classname="backend.tests.test_detailed_items.TestDetailedItemsFeature" name="test_profile_update_with_detailed_skills" time="0.441" /><testcase classname="backend.tests.test_detailed_items.TestDetailedItemsFeature" name="test_profile_update_with_detailed_services" time="0.435" /><testcase classname="backend.tests.test_detailed_items.TestDetailedItemsFeature" name="test_profile_update_backward_compatible_with_strings" time="0.446" /><testcase classname="backend.tests.test_detailed_items.TestDetailedItemsFeature" name="test_profile_update_mixed_format_items" time="0.455" /><testcase classname="backend.tests.test_detailed_items.TestDetailedItemsFeature" name="test_create_post_with_detailed_items" time="0.446" /><testcase classname="backend.tests.test_detailed_items.TestDetailedItemsFeature" name="test_create_post_with_simple_string_items" time="0.472" /><testcase classname="backend.tests.test_detailed_items.TestDetailedItemsFeature" name="test_create_post_with_mixed_items" time="0.381" /><testcase classname="backend.tests.test_detailed_items.TestDetailedItemsFeature" name="test_feed_returns_detailed_items" time="0.395" /><testcase classname="backend.tests.test_detailed_items.TestDetailedItemsFeature" name="test_matched_posts_with_detailed_items" time="0.379" /><testcase classname="backend.tests.test_detailed_items.TestDetailedItemsFeature" name="test_cleanup_test_posts" time="0.449" /><testcase classname="backend.tests.test_detailed_items.TestNormalizeItemsFunction" name="test_empty_list_handling" time="0.433" /><testcase classname="backend.tests.test_detailed_items.TestNormalizeItemsFunction" name="test_item_with_missing_fields" time="0.447" /></testsuite></testsuites>