<?xml version="1.0" encoding="utf-8"?><testsuites name="pytest tests"><testsuite name="pytest" errors="0" failures="1" skipped="0" tests="22" time="5.516" timestamp="2026-04-03T13:36:34.162509+00:00" hostname="agent-env-d43cd743-dbb5-43df-a96f-ec044db6c697"><testcase classname="backend.tests.test_gallery_storage.TestGalleryUpload" name="test_gallery_upload_requires_auth" time="0.315"><failure message="AssertionError: Expected 401/403, got 422&#10;assert 422 in [401, 403]&#10; +  where 422 = &lt;Response [422]&gt;.status_code">backend/tests/test_gallery_storage.py:89: in test_gallery_upload_requires_auth
    assert response.status_code in [401, 403], f"Expected 401/403, got {response.status_code}"
E   AssertionError: Expected 401/403, got 422
E   assert 422 in [401, 403]
E    +  where 422 = &lt;Response [422]&gt;.status_code</failure></testcase><testcase classname="backend.tests.test_gallery_storage.TestGalleryUpload" name="test_gallery_upload_image" time="0.850" /><testcase classname="backend.tests.test_gallery_storage.TestGalleryUpload" name="test_gallery_upload_invalid_file_type" time="0.044" /><testcase classname="backend.tests.test_gallery_storage.TestGalleryRetrieval" name="test_get_user_gallery" time="0.099" /><testcase classname="backend.tests.test_gallery_storage.TestGalleryRetrieval" name="test_get_gallery_item_details" time="0.098" /><testcase classname="backend.tests.test_gallery_storage.TestGalleryRetrieval" name="test_get_nonexistent_gallery_item" time="0.047" /><testcase classname="backend.tests.test_gallery_storage.TestGalleryLikes" name="test_like_gallery_item" time="0.536" /><testcase classname="backend.tests.test_gallery_storage.TestGalleryLikes" name="test_unlike_gallery_item" time="0.173" /><testcase classname="backend.tests.test_gallery_storage.TestGalleryLikes" name="test_like_requires_auth" time="0.058" /><testcase classname="backend.tests.test_gallery_storage.TestGalleryComments" name="test_add_comment_to_gallery_item" time="0.105" /><testcase classname="backend.tests.test_gallery_storage.TestGalleryComments" name="test_reply_to_gallery_comment" time="0.150" /><testcase classname="backend.tests.test_gallery_storage.TestGalleryComments" name="test_reply_to_nonexistent_comment" time="0.104" /><testcase classname="backend.tests.test_gallery_storage.TestGalleryComments" name="test_comment_requires_auth" time="0.044" /><testcase classname="backend.tests.test_gallery_storage.TestCrossUserGalleryAccess" name="test_user_can_view_other_user_gallery" time="0.048" /><testcase classname="backend.tests.test_gallery_storage.TestCrossUserGalleryAccess" name="test_user_can_like_other_user_gallery_item" time="0.095" /><testcase classname="backend.tests.test_gallery_storage.TestCrossUserGalleryAccess" name="test_user_can_comment_on_other_user_gallery_item" time="0.089" /><testcase classname="backend.tests.test_gallery_storage.TestFileServing" name="test_file_endpoint_serves_gallery_files" time="1.526" /><testcase classname="backend.tests.test_gallery_storage.TestFileServing" name="test_nonexistent_file_returns_404" time="0.046" /><testcase classname="backend.tests.test_gallery_storage.TestAvatarUpload" name="test_avatar_upload" time="0.254" /><testcase classname="backend.tests.test_gallery_storage.TestAvatarUpload" name="test_avatar_upload_invalid_type" time="0.045" /><testcase classname="backend.tests.test_gallery_storage.TestGalleryDeletion" name="test_delete_own_gallery_item" time="0.526" /><testcase classname="backend.tests.test_gallery_storage.TestGalleryDeletion" name="test_cannot_delete_other_user_gallery_item" time="0.093" /></testsuite></testsuites>