<?xml version="1.0" encoding="utf-8"?><testsuites name="pytest tests"><testsuite name="pytest" errors="0" failures="0" skipped="0" tests="32" time="11.021" timestamp="2026-04-03T15:17:51.731216+00:00" hostname="agent-env-d747d49d-7dab-4a87-9158-90558f477a75"><testcase classname="tests.test_modular_components.TestAuthFlows" name="test_admin_login_success" time="0.403" /><testcase classname="tests.test_modular_components.TestAuthFlows" name="test_demo_user_login_success" time="0.394" /><testcase classname="tests.test_modular_components.TestAuthFlows" name="test_login_invalid_credentials" time="0.340" /><testcase classname="tests.test_modular_components.TestAuthFlows" name="test_auth_me_without_token" time="0.161" /><testcase classname="tests.test_modular_components.TestAuthFlows" name="test_auth_me_with_token" time="0.458" /><testcase classname="tests.test_modular_components.TestCommunityBoard" name="test_get_community_topics" time="0.394" /><testcase classname="tests.test_modular_components.TestCommunityBoard" name="test_get_community_posts" time="0.369" /><testcase classname="tests.test_modular_components.TestCommunityBoard" name="test_filter_community_by_topic" time="0.439" /><testcase classname="tests.test_modular_components.TestCommunityBoard" name="test_filter_community_by_time_range" time="0.380" /><testcase classname="tests.test_modular_components.TestCommunityBoard" name="test_filter_community_by_sort" time="0.414" /><testcase classname="tests.test_modular_components.TestCommunityBoard" name="test_create_community_post" time="0.446" /><testcase classname="tests.test_modular_components.TestTradeNetwork" name="test_get_connections" time="0.444" /><testcase classname="tests.test_modular_components.TestTradeNetwork" name="test_get_pending_requests" time="0.372" /><testcase classname="tests.test_modular_components.TestTradeNetwork" name="test_get_recommended_traders" time="0.455" /><testcase classname="tests.test_modular_components.TestTradeDeals" name="test_get_incoming_trades" time="0.403" /><testcase classname="tests.test_modular_components.TestTradeDeals" name="test_get_outgoing_trades" time="0.371" /><testcase classname="tests.test_modular_components.TestTradeDeals" name="test_get_trade_history" time="0.386" /><testcase classname="tests.test_modular_components.TestTradeDeals" name="test_get_active_trade_count" time="0.434" /><testcase classname="tests.test_modular_components.TestSystemAnnouncements" name="test_get_active_system_messages" time="0.377" /><testcase classname="tests.test_modular_components.TestAdminSecurity" name="test_admin_endpoints_require_auth" time="0.100" /><testcase classname="tests.test_modular_components.TestAdminSecurity" name="test_admin_endpoints_require_admin_role" time="0.400" /><testcase classname="tests.test_modular_components.TestAdminSecurity" name="test_admin_can_access_admin_endpoints" time="0.448" /><testcase classname="tests.test_modular_components.TestBarterFeed" name="test_get_posts" time="0.389" /><testcase classname="tests.test_modular_components.TestBarterFeed" name="test_filter_posts_by_time_range" time="0.388" /><testcase classname="tests.test_modular_components.TestBarterFeed" name="test_filter_posts_by_has_media" time="0.401" /><testcase classname="tests.test_modular_components.TestBarterFeed" name="test_sort_posts_by_popular" time="0.386" /><testcase classname="tests.test_modular_components.TestGallery" name="test_get_gallery" time="0.374" /><testcase classname="tests.test_modular_components.TestProtectedEndpoints" name="test_posts_require_auth" time="0.123" /><testcase classname="tests.test_modular_components.TestProtectedEndpoints" name="test_community_requires_auth" time="0.115" /><testcase classname="tests.test_modular_components.TestProtectedEndpoints" name="test_network_requires_auth" time="0.109" /><testcase classname="tests.test_modular_components.TestProtectedEndpoints" name="test_trades_require_auth" time="0.137" /><testcase classname="tests.test_modular_components.TestProtectedEndpoints" name="test_gallery_requires_auth" time="0.111" /></testsuite></testsuites>