<?xml version="1.0" encoding="utf-8"?><testsuites name="pytest tests"><testsuite name="pytest" errors="0" failures="0" skipped="0" tests="12" time="4.761" timestamp="2026-04-02T09:56:51.701770+00:00" hostname="agent-env-ffc9ccff-8fb1-4ec4-bc8c-9e9d519d9c15"><testcase classname="backend.tests.test_invite_system.TestInviteSystemPublicEndpoints" name="test_register_without_invite_token_returns_422" time="0.223" /><testcase classname="backend.tests.test_invite_system.TestInviteSystemPublicEndpoints" name="test_register_with_invalid_invite_token_returns_403" time="0.107" /><testcase classname="backend.tests.test_invite_system.TestInviteSystemPublicEndpoints" name="test_validate_invalid_token_returns_404" time="0.094" /><testcase classname="backend.tests.test_invite_system.TestInviteSystemAuthenticatedEndpoints" name="test_create_invite_requires_auth" time="0.093" /><testcase classname="backend.tests.test_invite_system.TestInviteSystemAuthenticatedEndpoints" name="test_create_invite_success" time="0.376" /><testcase classname="backend.tests.test_invite_system.TestInviteSystemAuthenticatedEndpoints" name="test_validate_active_token" time="0.465" /><testcase classname="backend.tests.test_invite_system.TestInviteSystemAuthenticatedEndpoints" name="test_my_invites_requires_auth" time="0.152" /><testcase classname="backend.tests.test_invite_system.TestInviteSystemAuthenticatedEndpoints" name="test_my_invites_returns_list" time="0.414" /><testcase classname="backend.tests.test_invite_system.TestInviteRegistrationFlow" name="test_full_invite_registration_flow" time="0.892" /><testcase classname="backend.tests.test_invite_system.TestInviteRegistrationFlow" name="test_used_invite_cannot_be_reused" time="0.779" /><testcase classname="backend.tests.test_invite_system.TestInviteRegistrationFlow" name="test_my_invites_shows_used_status" time="0.759" /><testcase classname="backend.tests.test_invite_system.TestLoginPageNoRegisterLink" name="test_login_endpoint_works" time="0.317" /></testsuite></testsuites>