<?xml version="1.0" encoding="utf-8"?><testsuites name="pytest tests"><testsuite name="pytest" errors="0" failures="0" skipped="0" tests="6" time="1.898" timestamp="2026-03-28T20:22:21.678692+00:00" hostname="agent-env-74b3dfbd-82ca-49dd-a174-b24b5526ea19"><testcase classname="backend.tests.test_branding_and_admin.TestLoginResponse" name="test_login_returns_verification_fields" time="0.402" /><testcase classname="backend.tests.test_branding_and_admin.TestAdminEndpoints" name="test_admin_get_users" time="0.412" /><testcase classname="backend.tests.test_branding_and_admin.TestAdminEndpoints" name="test_admin_users_requires_auth" time="0.106" /><testcase classname="backend.tests.test_branding_and_admin.TestAdminEndpoints" name="test_admin_verify_trader_requires_admin_role" time="0.129" /><testcase classname="backend.tests.test_branding_and_admin.TestAdminEndpoints" name="test_admin_verify_trader_invalid_user" time="0.390" /><testcase classname="backend.tests.test_branding_and_admin.TestAuthMe" name="test_auth_me_returns_verification_fields" time="0.384" /></testsuite></testsuites>