<?xml version="1.0" encoding="utf-8"?><testsuites name="pytest tests"><testsuite name="pytest" errors="0" failures="0" skipped="4" tests="14" time="4.042" timestamp="2026-04-02T10:46:05.212006+00:00" hostname="agent-env-76f5f910-ffbd-48f1-ad15-0a8f7616f91b"><testcase classname="backend.tests.test_admin_dashboard.TestAdminAuth" name="test_admin_login_returns_admin_role" time="0.422" /><testcase classname="backend.tests.test_admin_dashboard.TestAdminAuth" name="test_regular_user_not_admin" time="0.141"><skipped type="pytest.skip" message="Regular user login failed: {&quot;detail&quot;:&quot;Invalid email or password&quot;}">/app/backend/tests/test_admin_dashboard.py:53: Regular user login failed: {"detail":"Invalid email or password"}</skipped></testcase><testcase classname="backend.tests.test_admin_dashboard.TestAdminStats" name="test_admin_stats_success" time="0.392" /><testcase classname="backend.tests.test_admin_dashboard.TestAdminStats" name="test_admin_stats_forbidden_for_regular_user" time="0.134"><skipped type="pytest.skip" message="Regular user login failed: {&quot;detail&quot;:&quot;Invalid email or password&quot;}">/app/backend/tests/test_admin_dashboard.py:105: Regular user login failed: {"detail":"Invalid email or password"}</skipped></testcase><testcase classname="backend.tests.test_admin_dashboard.TestAdminPosts" name="test_admin_get_posts_success" time="0.411" /><testcase classname="backend.tests.test_admin_dashboard.TestAdminPosts" name="test_admin_posts_forbidden_for_regular_user" time="0.096"><skipped type="pytest.skip" message="Regular user login failed: {&quot;detail&quot;:&quot;Invalid email or password&quot;}">/app/backend/tests/test_admin_dashboard.py:158: Regular user login failed: {"detail":"Invalid email or password"}</skipped></testcase><testcase classname="backend.tests.test_admin_dashboard.TestAdminUsers" name="test_admin_get_users_success" time="0.387" /><testcase classname="backend.tests.test_admin_dashboard.TestAdminUsers" name="test_admin_users_forbidden_for_regular_user" time="0.094"><skipped type="pytest.skip" message="Regular user login failed: {&quot;detail&quot;:&quot;Invalid email or password&quot;}">/app/backend/tests/test_admin_dashboard.py:210: Regular user login failed: {"detail":"Invalid email or password"}</skipped></testcase><testcase classname="backend.tests.test_admin_dashboard.TestAdminVerifyTrader" name="test_admin_verify_trader" time="0.475" /><testcase classname="backend.tests.test_admin_dashboard.TestAdminRoleChange" name="test_admin_change_role_invalid_role" time="0.450" /><testcase classname="backend.tests.test_admin_dashboard.TestAdminRoleChange" name="test_admin_change_role_user_not_found" time="0.084" /><testcase classname="backend.tests.test_admin_dashboard.TestAdminDeletePost" name="test_admin_delete_post_not_found" time="0.364" /><testcase classname="backend.tests.test_admin_dashboard.TestAdminDeleteUser" name="test_admin_cannot_delete_self" time="0.414" /><testcase classname="backend.tests.test_admin_dashboard.TestAdminDeleteUser" name="test_admin_delete_user_not_found" time="0.084" /></testsuite></testsuites>