<?xml version="1.0" encoding="utf-8"?><testsuites name="pytest tests"><testsuite name="pytest" errors="0" failures="0" skipped="0" tests="14" time="5.013" timestamp="2026-03-28T21:29:02.845230+00:00" hostname="agent-env-643a78e9-00e7-4038-a79c-83c8ed5598cc"><testcase classname="backend.tests.test_categories.TestCategoriesEndpoints" name="test_get_all_categories" time="0.146" /><testcase classname="backend.tests.test_categories.TestCategoriesEndpoints" name="test_get_goods_categories" time="0.126" /><testcase classname="backend.tests.test_categories.TestCategoriesEndpoints" name="test_goods_category_structure" time="0.114" /><testcase classname="backend.tests.test_categories.TestCategoriesEndpoints" name="test_get_skills_categories" time="0.155" /><testcase classname="backend.tests.test_categories.TestCategoriesEndpoints" name="test_skills_category_structure" time="0.139" /><testcase classname="backend.tests.test_categories.TestCategoriesEndpoints" name="test_get_services_categories" time="0.152" /><testcase classname="backend.tests.test_categories.TestCategoriesEndpoints" name="test_services_category_structure" time="0.130" /><testcase classname="backend.tests.test_categories.TestProfileWithCategories" name="test_update_profile_with_skills" time="0.536" /><testcase classname="backend.tests.test_categories.TestProfileWithCategories" name="test_update_profile_with_goods_offering" time="0.526" /><testcase classname="backend.tests.test_categories.TestProfileWithCategories" name="test_update_profile_with_goods_wanted" time="0.509" /><testcase classname="backend.tests.test_categories.TestProfileWithCategories" name="test_update_profile_with_services_offering" time="0.494" /><testcase classname="backend.tests.test_categories.TestProfileWithCategories" name="test_update_profile_with_services_wanted" time="0.519" /><testcase classname="backend.tests.test_categories.TestProfileWithCategories" name="test_update_profile_with_custom_items" time="0.476" /><testcase classname="backend.tests.test_categories.TestProfileWithCategories" name="test_profile_categories_persist_after_reload" time="0.866" /></testsuite></testsuites>