<?xml version="1.0" encoding="utf-8"?><testsuites name="pytest tests"><testsuite name="pytest" errors="0" failures="0" skipped="0" tests="19" time="5.816" timestamp="2026-07-10T15:12:43.327217+00:00" hostname="agent-env-85bb37b9-7a25-4152-8e97-fb6a24ff9233"><testcase classname="backend.tests.test_p2_features.TestLoginEmailEncryption" name="test_admin_login_returns_200" time="0.364" /><testcase classname="backend.tests.test_p2_features.TestLoginEmailEncryption" name="test_admin_login_returns_access_token" time="0.388" /><testcase classname="backend.tests.test_p2_features.TestLoginEmailEncryption" name="test_admin_login_response_email_is_decrypted" time="0.353" /><testcase classname="backend.tests.test_p2_features.TestLoginEmailEncryption" name="test_admin_login_response_role_is_admin" time="0.330" /><testcase classname="backend.tests.test_p2_features.TestLoginEmailEncryption" name="test_wrong_password_returns_401" time="0.332" /><testcase classname="backend.tests.test_p2_features.TestLoginEmailEncryption" name="test_wrong_email_returns_401" time="0.124" /><testcase classname="backend.tests.test_p2_features.TestMeEndpointDecryptedEmail" name="test_me_returns_decrypted_email" time="0.457" /><testcase classname="backend.tests.test_p2_features.TestMeEndpointDecryptedEmail" name="test_me_returns_admin_role" time="0.100" /><testcase classname="backend.tests.test_p2_features.TestAdminUsersDecryptedEmails" name="test_admin_users_endpoint_returns_200" time="0.107" /><testcase classname="backend.tests.test_p2_features.TestAdminUsersDecryptedEmails" name="test_admin_users_emails_are_decrypted" time="0.117" /><testcase classname="backend.tests.test_p2_features.TestAdminUsersDecryptedEmails" name="test_admin_user_in_list" time="0.104" /><testcase classname="backend.tests.test_p2_features.TestAdminUsersDecryptedEmails" name="test_admin_users_requires_auth" time="0.106" /><testcase classname="backend.tests.test_p2_features.TestNetworkEmailSearch" name="test_search_by_email_returns_admin" time="0.139" /><testcase classname="backend.tests.test_p2_features.TestNetworkEmailSearch" name="test_search_by_partial_name_returns_results" time="1.313" /><testcase classname="backend.tests.test_p2_features.TestNetworkEmailSearch" name="test_search_results_emails_are_decrypted" time="0.116" /><testcase classname="backend.tests.test_p2_features.TestNetworkEmailSearch" name="test_search_by_test_banuser_email" time="0.107" /><testcase classname="backend.tests.test_p2_features.TestNetworkEmailSearch" name="test_search_requires_auth" time="0.105" /><testcase classname="backend.tests.test_p2_features.TestEmailMigration" name="test_login_with_correct_credentials_after_potential_migration" time="0.726" /><testcase classname="backend.tests.test_p2_features.TestEmailMigration" name="test_login_email_case_insensitive" time="0.341" /></testsuite></testsuites>