<?xml version="1.0" encoding="utf-8"?><testsuites name="pytest tests"><testsuite name="pytest" errors="0" failures="0" skipped="0" tests="36" time="12.527" timestamp="2026-04-03T14:05:45.296836+00:00" hostname="agent-env-d747d49d-7dab-4a87-9158-90558f477a75"><testcase classname="backend.tests.test_refactored_routes.TestAPIRoot" name="test_api_root_returns_status" time="0.162" /><testcase classname="backend.tests.test_refactored_routes.TestAuthRoutes" name="test_login_with_admin_credentials" time="0.329" /><testcase classname="backend.tests.test_refactored_routes.TestAuthRoutes" name="test_login_with_demo_credentials" time="0.332" /><testcase classname="backend.tests.test_refactored_routes.TestAuthRoutes" name="test_login_with_invalid_credentials" time="0.104" /><testcase classname="backend.tests.test_refactored_routes.TestAuthRoutes" name="test_get_me_requires_auth" time="0.102" /><testcase classname="backend.tests.test_refactored_routes.TestAuthRoutes" name="test_get_me_with_auth" time="0.381" /><testcase classname="backend.tests.test_refactored_routes.TestAuthRoutes" name="test_logout" time="0.396" /><testcase classname="backend.tests.test_refactored_routes.TestPostsRoutes" name="test_get_posts_requires_auth" time="0.105" /><testcase classname="backend.tests.test_refactored_routes.TestPostsRoutes" name="test_get_posts_with_auth" time="0.388" /><testcase classname="backend.tests.test_refactored_routes.TestPostsRoutes" name="test_create_post" time="0.441" /><testcase classname="backend.tests.test_refactored_routes.TestPostsRoutes" name="test_like_post" time="0.572" /><testcase classname="backend.tests.test_refactored_routes.TestPostsRoutes" name="test_get_matched_posts" time="0.406" /><testcase classname="backend.tests.test_refactored_routes.TestNetworkRoutes" name="test_get_connections" time="0.394" /><testcase classname="backend.tests.test_refactored_routes.TestNetworkRoutes" name="test_get_pending_requests" time="0.377" /><testcase classname="backend.tests.test_refactored_routes.TestNetworkRoutes" name="test_get_recommended_traders" time="0.378" /><testcase classname="backend.tests.test_refactored_routes.TestTradesRoutes" name="test_get_incoming_trades" time="0.390" /><testcase classname="backend.tests.test_refactored_routes.TestTradesRoutes" name="test_get_outgoing_trades" time="0.426" /><testcase classname="backend.tests.test_refactored_routes.TestTradesRoutes" name="test_get_trade_history" time="0.381" /><testcase classname="backend.tests.test_refactored_routes.TestTradesRoutes" name="test_get_active_trade_count" time="0.390" /><testcase classname="backend.tests.test_refactored_routes.TestGalleryRoutes" name="test_get_gallery" time="0.374" /><testcase classname="backend.tests.test_refactored_routes.TestCategoriesRoutes" name="test_get_goods_categories" time="0.102" /><testcase classname="backend.tests.test_refactored_routes.TestCategoriesRoutes" name="test_get_skills_categories" time="0.112" /><testcase classname="backend.tests.test_refactored_routes.TestCategoriesRoutes" name="test_get_services_categories" time="0.116" /><testcase classname="backend.tests.test_refactored_routes.TestCategoriesRoutes" name="test_get_all_categories" time="0.115" /><testcase classname="backend.tests.test_refactored_routes.TestProfileRoutes" name="test_get_profile" time="0.413" /><testcase classname="backend.tests.test_refactored_routes.TestProfileRoutes" name="test_update_profile" time="0.379" /><testcase classname="backend.tests.test_refactored_routes.TestInvitesRoutes" name="test_create_invite" time="0.474" /><testcase classname="backend.tests.test_refactored_routes.TestInvitesRoutes" name="test_validate_invite" time="0.497" /><testcase classname="backend.tests.test_refactored_routes.TestInvitesRoutes" name="test_get_my_invites" time="0.407" /><testcase classname="backend.tests.test_refactored_routes.TestAdminRoutes" name="test_admin_stats" time="0.408" /><testcase classname="backend.tests.test_refactored_routes.TestAdminRoutes" name="test_admin_stats_requires_admin" time="0.545" /><testcase classname="backend.tests.test_refactored_routes.TestAdminRoutes" name="test_admin_users" time="0.393" /><testcase classname="backend.tests.test_refactored_routes.TestAdminRoutes" name="test_admin_posts" time="0.390" /><testcase classname="backend.tests.test_refactored_routes.TestAdminRoutes" name="test_admin_audit_log" time="0.391" /><testcase classname="backend.tests.test_refactored_routes.TestCommentsRoutes" name="test_get_comments" time="0.433" /><testcase classname="backend.tests.test_refactored_routes.TestCommentsRoutes" name="test_create_comment" time="0.428" /></testsuite></testsuites>