<?xml version="1.0" encoding="utf-8"?><testsuites name="pytest tests"><testsuite name="pytest" errors="0" failures="0" skipped="0" tests="12" time="7.906" timestamp="2026-04-04T13:02:53.571809+00:00" hostname="agent-env-d665ae72-ab84-4ea2-ad3c-8483970dbf56"><testcase classname="backend.tests.test_edit_post_comment.TestEditPostAndComment" name="test_create_post_for_edit" time="0.519" /><testcase classname="backend.tests.test_edit_post_comment.TestEditPostAndComment" name="test_edit_own_post_success" time="0.551" /><testcase classname="backend.tests.test_edit_post_comment.TestEditPostAndComment" name="test_edit_post_not_found" time="0.438" /><testcase classname="backend.tests.test_edit_post_comment.TestEditPostAndComment" name="test_edit_others_post_forbidden" time="1.184" /><testcase classname="backend.tests.test_edit_post_comment.TestEditPostAndComment" name="test_create_comment_for_edit" time="0.460" /><testcase classname="backend.tests.test_edit_post_comment.TestEditPostAndComment" name="test_edit_own_comment_success" time="0.658" /><testcase classname="backend.tests.test_edit_post_comment.TestEditPostAndComment" name="test_edit_comment_empty_content_fails" time="0.547" /><testcase classname="backend.tests.test_edit_post_comment.TestEditPostAndComment" name="test_edit_others_comment_forbidden" time="1.156" /><testcase classname="backend.tests.test_edit_post_comment.TestEditPostAndComment" name="test_edit_comment_not_found" time="0.510" /><testcase classname="backend.tests.test_edit_post_comment.TestEditPostAndComment" name="test_edit_post_with_category_selector_items" time="0.574" /><testcase classname="backend.tests.test_edit_post_comment.TestEditPostEndpointDirect" name="test_put_post_endpoint_exists" time="0.571" /><testcase classname="backend.tests.test_edit_post_comment.TestEditPostEndpointDirect" name="test_put_comment_endpoint_exists" time="0.651" /></testsuite></testsuites>